2018-02-19 20:53:22,523 [Worker-3] INFO  c.g.t.t.d.PublishedGradleVersions - Gradle version information cache is up-to-date. Trying to read.
2018-02-19 22:26:14,141 [Worker-38] INFO  o.e.m.c.i.l.LifecycleMappingFactory - Using org.eclipse.m2e.jdt.JarLifecycleMapping lifecycle mapping for MavenProject: NIIT:backend:0.0.1-SNAPSHOT @ C:\Users\Purnesh\Desktop\Project Workspace\backend\pom.xml.
2018-02-19 22:26:14,141 [Worker-30] INFO  o.e.m.c.i.l.LifecycleMappingFactory - Using org.eclipse.m2e.jdt.JarLifecycleMapping lifecycle mapping for MavenProject: NIIT:backend:0.0.1-SNAPSHOT @ C:\Users\Purnesh\Desktop\Project Workspace\backend\pom.xml.
2018-02-19 22:26:15,733 [Worker-38] INFO  o.e.m.c.i.e.AbstractTransferListenerAdapter - Downloading https://repo.maven.apache.org/maven2/org/springframework/spring-context-support/5.0.3.RELEASE/spring-context-support-5.0.3.RELEASE.pom
2018-02-19 22:26:15,733 [Worker-30] INFO  o.e.m.c.i.e.AbstractTransferListenerAdapter - Downloading https://repo.maven.apache.org/maven2/org/springframework/spring-context-support/5.0.3.RELEASE/spring-context-support-5.0.3.RELEASE.pom
2018-02-19 22:26:15,904 [Worker-38] INFO  o.e.m.c.i.e.AbstractTransferListenerAdapter - Downloaded https://repo.maven.apache.org/maven2/org/springframework/spring-context-support/5.0.3.RELEASE/spring-context-support-5.0.3.RELEASE.pom
2018-02-19 22:26:15,913 [Worker-30] INFO  o.e.m.c.i.e.AbstractTransferListenerAdapter - Downloaded https://repo.maven.apache.org/maven2/org/springframework/spring-context-support/5.0.3.RELEASE/spring-context-support-5.0.3.RELEASE.pom
2018-02-19 22:26:16,190 [Worker-30] INFO  o.e.m.c.i.e.AbstractTransferListenerAdapter - Downloading https://repo.maven.apache.org/maven2/org/springframework/spring-tx/5.0.3.RELEASE/spring-tx-5.0.3.RELEASE.pom
2018-02-19 22:26:16,200 [Worker-38] INFO  o.e.m.c.i.e.AbstractTransferListenerAdapter - Downloading https://repo.maven.apache.org/maven2/org/springframework/spring-tx/5.0.3.RELEASE/spring-tx-5.0.3.RELEASE.pom
2018-02-19 22:26:16,330 [Worker-30] INFO  o.e.m.c.i.e.AbstractTransferListenerAdapter - Downloaded https://repo.maven.apache.org/maven2/org/springframework/spring-tx/5.0.3.RELEASE/spring-tx-5.0.3.RELEASE.pom
2018-02-19 22:26:16,370 [Worker-38] INFO  o.e.m.c.i.e.AbstractTransferListenerAdapter - Downloaded https://repo.maven.apache.org/maven2/org/springframework/spring-tx/5.0.3.RELEASE/spring-tx-5.0.3.RELEASE.pom
2018-02-19 22:26:16,480 [Worker-30] INFO  o.e.m.c.i.e.AbstractTransferListenerAdapter - Downloading https://repo.maven.apache.org/maven2/org/springframework/spring-orm/5.0.3.RELEASE/spring-orm-5.0.3.RELEASE.pom
2018-02-19 22:26:16,540 [Worker-38] INFO  o.e.m.c.i.e.AbstractTransferListenerAdapter - Downloading https://repo.maven.apache.org/maven2/org/springframework/spring-orm/5.0.3.RELEASE/spring-orm-5.0.3.RELEASE.pom
2018-02-19 22:26:16,640 [Worker-30] INFO  o.e.m.c.i.e.AbstractTransferListenerAdapter - Downloaded https://repo.maven.apache.org/maven2/org/springframework/spring-orm/5.0.3.RELEASE/spring-orm-5.0.3.RELEASE.pom
2018-02-19 22:26:16,710 [Worker-38] INFO  o.e.m.c.i.e.AbstractTransferListenerAdapter - Downloaded https://repo.maven.apache.org/maven2/org/springframework/spring-orm/5.0.3.RELEASE/spring-orm-5.0.3.RELEASE.pom
2018-02-19 22:26:16,810 [Worker-30] INFO  o.e.m.c.i.e.AbstractTransferListenerAdapter - Downloading https://repo.maven.apache.org/maven2/org/springframework/spring-jdbc/5.0.3.RELEASE/spring-jdbc-5.0.3.RELEASE.pom
2018-02-19 22:26:16,890 [Worker-38] INFO  o.e.m.c.i.e.AbstractTransferListenerAdapter - Downloading https://repo.maven.apache.org/maven2/org/springframework/spring-jdbc/5.0.3.RELEASE/spring-jdbc-5.0.3.RELEASE.pom
2018-02-19 22:26:17,010 [Worker-30] INFO  o.e.m.c.i.e.AbstractTransferListenerAdapter - Downloaded https://repo.maven.apache.org/maven2/org/springframework/spring-jdbc/5.0.3.RELEASE/spring-jdbc-5.0.3.RELEASE.pom
2018-02-19 22:26:17,060 [Worker-38] INFO  o.e.m.c.i.e.AbstractTransferListenerAdapter - Downloaded https://repo.maven.apache.org/maven2/org/springframework/spring-jdbc/5.0.3.RELEASE/spring-jdbc-5.0.3.RELEASE.pom
2018-02-19 22:26:17,160 [Worker-30] INFO  o.e.m.c.i.e.AbstractTransferListenerAdapter - Downloading https://repo.maven.apache.org/maven2/org/hibernate/hibernate-core/5.3.0.Beta1/hibernate-core-5.3.0.Beta1.pom
2018-02-19 22:26:17,270 [Worker-38] INFO  o.e.m.c.i.e.AbstractTransferListenerAdapter - Downloading https://repo.maven.apache.org/maven2/org/hibernate/hibernate-core/5.3.0.Beta1/hibernate-core-5.3.0.Beta1.pom
2018-02-19 22:26:17,320 [Worker-30] INFO  o.e.m.c.i.e.AbstractTransferListenerAdapter - Downloaded https://repo.maven.apache.org/maven2/org/hibernate/hibernate-core/5.3.0.Beta1/hibernate-core-5.3.0.Beta1.pom
2018-02-19 22:26:17,470 [Worker-38] INFO  o.e.m.c.i.e.AbstractTransferListenerAdapter - Downloaded https://repo.maven.apache.org/maven2/org/hibernate/hibernate-core/5.3.0.Beta1/hibernate-core-5.3.0.Beta1.pom
2018-02-19 22:26:17,540 [Worker-30] INFO  o.e.m.c.i.e.AbstractTransferListenerAdapter - Downloading https://repo.maven.apache.org/maven2/javax/persistence/javax.persistence-api/2.2/javax.persistence-api-2.2.pom
2018-02-19 22:26:17,640 [Worker-38] INFO  o.e.m.c.i.e.AbstractTransferListenerAdapter - Downloading https://repo.maven.apache.org/maven2/javax/persistence/javax.persistence-api/2.2/javax.persistence-api-2.2.pom
2018-02-19 22:26:17,720 [Worker-30] INFO  o.e.m.c.i.e.AbstractTransferListenerAdapter - Downloaded https://repo.maven.apache.org/maven2/javax/persistence/javax.persistence-api/2.2/javax.persistence-api-2.2.pom
2018-02-19 22:26:17,840 [Worker-38] INFO  o.e.m.c.i.e.AbstractTransferListenerAdapter - Downloaded https://repo.maven.apache.org/maven2/javax/persistence/javax.persistence-api/2.2/javax.persistence-api-2.2.pom
2018-02-19 22:26:17,880 [Worker-30] INFO  o.e.m.c.i.e.AbstractTransferListenerAdapter - Downloading https://repo.maven.apache.org/maven2/net/java/jvnet-parent/5/jvnet-parent-5.pom
2018-02-19 22:26:18,000 [Worker-38] INFO  o.e.m.c.i.e.AbstractTransferListenerAdapter - Downloading https://repo.maven.apache.org/maven2/net/java/jvnet-parent/5/jvnet-parent-5.pom
2018-02-19 22:26:18,100 [Worker-30] INFO  o.e.m.c.i.e.AbstractTransferListenerAdapter - Downloaded https://repo.maven.apache.org/maven2/net/java/jvnet-parent/5/jvnet-parent-5.pom
2018-02-19 22:26:18,210 [Worker-38] INFO  o.e.m.c.i.e.AbstractTransferListenerAdapter - Downloaded https://repo.maven.apache.org/maven2/net/java/jvnet-parent/5/jvnet-parent-5.pom
2018-02-19 22:26:18,260 [Worker-30] INFO  o.e.m.c.i.e.AbstractTransferListenerAdapter - Downloading https://repo.maven.apache.org/maven2/org/javassist/javassist/3.22.0-GA/javassist-3.22.0-GA.pom
2018-02-19 22:26:18,380 [Worker-38] INFO  o.e.m.c.i.e.AbstractTransferListenerAdapter - Downloading https://repo.maven.apache.org/maven2/org/javassist/javassist/3.22.0-GA/javassist-3.22.0-GA.pom
2018-02-19 22:26:18,430 [Worker-30] INFO  o.e.m.c.i.e.AbstractTransferListenerAdapter - Downloaded https://repo.maven.apache.org/maven2/org/javassist/javassist/3.22.0-GA/javassist-3.22.0-GA.pom
2018-02-19 22:26:18,610 [Worker-30] INFO  o.e.m.c.i.e.AbstractTransferListenerAdapter - Downloading https://repo.maven.apache.org/maven2/org/hibernate/hibernate-entitymanager/5.3.0.Beta1/hibernate-entitymanager-5.3.0.Beta1.pom
2018-02-19 22:26:18,840 [Worker-30] INFO  o.e.m.c.i.e.AbstractTransferListenerAdapter - Downloaded https://repo.maven.apache.org/maven2/org/hibernate/hibernate-entitymanager/5.3.0.Beta1/hibernate-entitymanager-5.3.0.Beta1.pom
2018-02-19 22:26:19,172 [Worker-38] INFO  o.e.m.c.i.e.AbstractTransferListenerAdapter - Downloaded https://repo.maven.apache.org/maven2/org/javassist/javassist/3.22.0-GA/javassist-3.22.0-GA.pom
2018-02-19 22:26:19,272 [Worker-30] INFO  o.e.m.c.i.e.AbstractTransferListenerAdapter - Downloading https://repo.maven.apache.org/maven2/org/springframework/spring-context-support/5.0.3.RELEASE/spring-context-support-5.0.3.RELEASE.jar
2018-02-19 22:26:19,552 [Worker-38] INFO  o.e.m.c.i.e.AbstractTransferListenerAdapter - Downloading https://repo.maven.apache.org/maven2/org/springframework/spring-context-support/5.0.3.RELEASE/spring-context-support-5.0.3.RELEASE.jar
2018-02-19 22:26:20,924 [Worker-30] INFO  o.e.m.c.i.e.AbstractTransferListenerAdapter - Downloaded https://repo.maven.apache.org/maven2/org/springframework/spring-context-support/5.0.3.RELEASE/spring-context-support-5.0.3.RELEASE.jar
2018-02-19 22:26:21,234 [Worker-30] INFO  o.e.m.c.i.e.AbstractTransferListenerAdapter - Downloading https://repo.maven.apache.org/maven2/org/springframework/spring-tx/5.0.3.RELEASE/spring-tx-5.0.3.RELEASE.jar
2018-02-19 22:26:21,804 [Worker-38] INFO  o.e.m.c.i.e.AbstractTransferListenerAdapter - Downloaded https://repo.maven.apache.org/maven2/org/springframework/spring-context-support/5.0.3.RELEASE/spring-context-support-5.0.3.RELEASE.jar
2018-02-19 22:26:22,015 [Worker-38] INFO  o.e.m.c.i.e.AbstractTransferListenerAdapter - Downloading https://repo.maven.apache.org/maven2/org/springframework/spring-tx/5.0.3.RELEASE/spring-tx-5.0.3.RELEASE.jar
2018-02-19 22:26:23,165 [Worker-30] INFO  o.e.m.c.i.e.AbstractTransferListenerAdapter - Downloaded https://repo.maven.apache.org/maven2/org/springframework/spring-tx/5.0.3.RELEASE/spring-tx-5.0.3.RELEASE.jar
2018-02-19 22:26:23,375 [Worker-30] INFO  o.e.m.c.i.e.AbstractTransferListenerAdapter - Downloading https://repo.maven.apache.org/maven2/org/springframework/spring-orm/5.0.3.RELEASE/spring-orm-5.0.3.RELEASE.jar
2018-02-19 22:26:24,127 [Worker-38] INFO  o.e.m.c.i.e.AbstractTransferListenerAdapter - Downloaded https://repo.maven.apache.org/maven2/org/springframework/spring-tx/5.0.3.RELEASE/spring-tx-5.0.3.RELEASE.jar
2018-02-19 22:26:24,277 [Worker-38] INFO  o.e.m.c.i.e.AbstractTransferListenerAdapter - Downloading https://repo.maven.apache.org/maven2/org/springframework/spring-orm/5.0.3.RELEASE/spring-orm-5.0.3.RELEASE.jar
2018-02-19 22:26:24,913 [Worker-30] INFO  o.e.m.c.i.e.AbstractTransferListenerAdapter - Downloaded https://repo.maven.apache.org/maven2/org/springframework/spring-orm/5.0.3.RELEASE/spring-orm-5.0.3.RELEASE.jar
2018-02-19 22:26:25,223 [Worker-30] INFO  o.e.m.c.i.e.AbstractTransferListenerAdapter - Downloading https://repo.maven.apache.org/maven2/org/springframework/spring-jdbc/5.0.3.RELEASE/spring-jdbc-5.0.3.RELEASE.jar
2018-02-19 22:26:25,413 [Worker-38] INFO  o.e.m.c.i.e.AbstractTransferListenerAdapter - Downloaded https://repo.maven.apache.org/maven2/org/springframework/spring-orm/5.0.3.RELEASE/spring-orm-5.0.3.RELEASE.jar
2018-02-19 22:26:25,563 [Worker-38] INFO  o.e.m.c.i.e.AbstractTransferListenerAdapter - Downloading https://repo.maven.apache.org/maven2/org/springframework/spring-jdbc/5.0.3.RELEASE/spring-jdbc-5.0.3.RELEASE.jar
2018-02-19 22:26:31,933 [Worker-38] INFO  o.e.m.c.i.e.AbstractTransferListenerAdapter - Downloaded https://repo.maven.apache.org/maven2/org/springframework/spring-jdbc/5.0.3.RELEASE/spring-jdbc-5.0.3.RELEASE.jar
2018-02-19 22:26:32,103 [Worker-38] INFO  o.e.m.c.i.e.AbstractTransferListenerAdapter - Downloading https://repo.maven.apache.org/maven2/org/hibernate/hibernate-core/5.3.0.Beta1/hibernate-core-5.3.0.Beta1.jar
2018-02-19 22:26:34,521 [Worker-30] INFO  o.e.m.c.i.e.AbstractTransferListenerAdapter - Downloaded https://repo.maven.apache.org/maven2/org/springframework/spring-jdbc/5.0.3.RELEASE/spring-jdbc-5.0.3.RELEASE.jar
2018-02-19 22:26:34,671 [Worker-30] INFO  o.e.m.c.i.e.AbstractTransferListenerAdapter - Downloading https://repo.maven.apache.org/maven2/org/hibernate/hibernate-core/5.3.0.Beta1/hibernate-core-5.3.0.Beta1.jar
2018-02-19 22:27:54,177 [Worker-38] INFO  o.e.m.c.i.e.AbstractTransferListenerAdapter - Downloaded https://repo.maven.apache.org/maven2/org/hibernate/hibernate-core/5.3.0.Beta1/hibernate-core-5.3.0.Beta1.jar
2018-02-19 22:27:54,328 [Worker-38] INFO  o.e.m.c.i.e.AbstractTransferListenerAdapter - Downloading https://repo.maven.apache.org/maven2/org/jboss/logging/jboss-logging/3.3.1.Final/jboss-logging-3.3.1.Final.jar
2018-02-19 22:27:54,925 [Worker-38] INFO  o.e.m.c.i.e.AbstractTransferListenerAdapter - Downloaded https://repo.maven.apache.org/maven2/org/jboss/logging/jboss-logging/3.3.1.Final/jboss-logging-3.3.1.Final.jar
2018-02-19 22:27:55,159 [Worker-38] INFO  o.e.m.c.i.e.AbstractTransferListenerAdapter - Downloading https://repo.maven.apache.org/maven2/javax/persistence/javax.persistence-api/2.2/javax.persistence-api-2.2.jar
2018-02-19 22:27:55,786 [Worker-38] INFO  o.e.m.c.i.e.AbstractTransferListenerAdapter - Downloaded https://repo.maven.apache.org/maven2/javax/persistence/javax.persistence-api/2.2/javax.persistence-api-2.2.jar
2018-02-19 22:27:56,053 [Worker-38] INFO  o.e.m.c.i.e.AbstractTransferListenerAdapter - Downloading https://repo.maven.apache.org/maven2/org/javassist/javassist/3.22.0-GA/javassist-3.22.0-GA.jar
2018-02-19 22:27:59,449 [Worker-30] INFO  o.e.m.c.i.e.AbstractTransferListenerAdapter - Downloaded https://repo.maven.apache.org/maven2/org/hibernate/hibernate-core/5.3.0.Beta1/hibernate-core-5.3.0.Beta1.jar
2018-02-19 22:27:59,799 [Worker-30] INFO  o.e.m.c.i.e.AbstractTransferListenerAdapter - Downloading https://repo.maven.apache.org/maven2/org/jboss/logging/jboss-logging/3.3.1.Final/jboss-logging-3.3.1.Final.jar
2018-02-19 22:28:00,469 [Worker-30] INFO  o.e.m.c.i.e.AbstractTransferListenerAdapter - Downloaded https://repo.maven.apache.org/maven2/org/jboss/logging/jboss-logging/3.3.1.Final/jboss-logging-3.3.1.Final.jar
2018-02-19 22:28:00,717 [Worker-30] INFO  o.e.m.c.i.e.AbstractTransferListenerAdapter - Downloading https://repo.maven.apache.org/maven2/javax/persistence/javax.persistence-api/2.2/javax.persistence-api-2.2.jar
2018-02-19 22:28:02,011 [Worker-30] INFO  o.e.m.c.i.e.AbstractTransferListenerAdapter - Downloaded https://repo.maven.apache.org/maven2/javax/persistence/javax.persistence-api/2.2/javax.persistence-api-2.2.jar
2018-02-19 22:28:02,194 [Worker-38] INFO  o.e.m.c.i.e.AbstractTransferListenerAdapter - Downloaded https://repo.maven.apache.org/maven2/org/javassist/javassist/3.22.0-GA/javassist-3.22.0-GA.jar
2018-02-19 22:28:02,369 [Worker-38] INFO  o.e.m.c.i.e.AbstractTransferListenerAdapter - Downloading https://repo.maven.apache.org/maven2/org/hibernate/hibernate-entitymanager/5.3.0.Beta1/hibernate-entitymanager-5.3.0.Beta1.jar
2018-02-19 22:28:02,375 [Worker-30] INFO  o.e.m.c.i.e.AbstractTransferListenerAdapter - Downloading https://repo.maven.apache.org/maven2/org/javassist/javassist/3.22.0-GA/javassist-3.22.0-GA.jar
2018-02-19 22:28:02,637 [Worker-38] INFO  o.e.m.c.i.e.AbstractTransferListenerAdapter - Downloaded https://repo.maven.apache.org/maven2/org/hibernate/hibernate-entitymanager/5.3.0.Beta1/hibernate-entitymanager-5.3.0.Beta1.jar
2018-02-19 22:28:08,053 [Worker-30] INFO  o.e.m.c.i.e.AbstractTransferListenerAdapter - Downloaded https://repo.maven.apache.org/maven2/org/javassist/javassist/3.22.0-GA/javassist-3.22.0-GA.jar
2018-02-19 22:28:08,244 [Worker-30] INFO  o.e.m.c.i.e.AbstractTransferListenerAdapter - Downloading https://repo.maven.apache.org/maven2/org/hibernate/hibernate-entitymanager/5.3.0.Beta1/hibernate-entitymanager-5.3.0.Beta1.jar
2018-02-19 22:28:08,444 [Worker-30] INFO  o.e.m.c.i.e.AbstractTransferListenerAdapter - Downloaded https://repo.maven.apache.org/maven2/org/hibernate/hibernate-entitymanager/5.3.0.Beta1/hibernate-entitymanager-5.3.0.Beta1.jar
2018-02-19 22:28:12,284 [Worker-30] INFO  o.e.m.c.i.embedder.EclipseLogger - Using 'UTF-8' encoding to copy filtered resources.
2018-02-19 22:28:12,284 [Worker-30] INFO  o.e.m.c.i.embedder.EclipseLogger - skip non existing resourceDirectory C:\Users\Purnesh\Desktop\Project Workspace\backend\src\main\resources
2018-02-19 22:28:12,287 [Worker-30] INFO  o.e.m.c.i.embedder.EclipseLogger - Using 'UTF-8' encoding to copy filtered resources.
2018-02-19 22:28:12,287 [Worker-30] INFO  o.e.m.c.i.embedder.EclipseLogger - skip non existing resourceDirectory C:\Users\Purnesh\Desktop\Project Workspace\backend\src\test\resources
2018-02-19 22:28:14,443 [Worker-43] INFO  o.e.m.c.i.l.LifecycleMappingFactory - Using org.eclipse.m2e.jdt.JarLifecycleMapping lifecycle mapping for MavenProject: NIIT:backend:0.0.1-SNAPSHOT @ C:\Users\Purnesh\Desktop\Project Workspace\backend\pom.xml.
2018-02-19 22:28:15,242 [Worker-43] INFO  o.e.m.c.i.l.LifecycleMappingFactory - Using org.maven.ide.eclipse.wtp.WarLifecycleMapping lifecycle mapping for MavenProject: com:NIIT_Project:0.0.1-SNAPSHOT @ C:\Users\Purnesh\Desktop\Project Workspace\NIIT_Project\pom.xml.
2018-02-19 22:28:25,592 [Worker-23] WARN  o.e.m.c.i.embedder.EclipseLogger - Using platform encoding (Cp1252 actually) to copy filtered resources, i.e. build is platform dependent!
2018-02-19 22:28:25,647 [Worker-23] INFO  o.e.m.c.i.embedder.EclipseLogger - Copying 0 resource
2018-02-19 22:28:25,651 [Worker-23] WARN  o.e.m.c.i.embedder.EclipseLogger - Using platform encoding (Cp1252 actually) to copy filtered resources, i.e. build is platform dependent!
2018-02-19 22:28:25,652 [Worker-23] INFO  o.e.m.c.i.embedder.EclipseLogger - skip non existing resourceDirectory C:\Users\Purnesh\Desktop\Project Workspace\NIIT_Project\src\test\resources
2018-02-19 22:28:28,768 [Worker-23] INFO  o.e.m.c.i.embedder.EclipseLogger - Using 'UTF-8' encoding to copy filtered resources.
2018-02-19 22:28:28,768 [Worker-23] INFO  o.e.m.c.i.embedder.EclipseLogger - skip non existing resourceDirectory C:\Users\Purnesh\Desktop\Project Workspace\backend\src\main\resources
2018-02-19 22:28:28,770 [Worker-23] INFO  o.e.m.c.i.embedder.EclipseLogger - Using 'UTF-8' encoding to copy filtered resources.
2018-02-19 22:28:28,771 [Worker-23] INFO  o.e.m.c.i.embedder.EclipseLogger - skip non existing resourceDirectory C:\Users\Purnesh\Desktop\Project Workspace\backend\src\test\resources
2018-02-19 22:33:55,129 [Worker-46] INFO  o.e.m.c.i.l.LifecycleMappingFactory - Using org.maven.ide.eclipse.wtp.WarLifecycleMapping lifecycle mapping for MavenProject: com:NIIT_Project:0.0.1-SNAPSHOT @ C:\Users\Purnesh\Desktop\Project Workspace\NIIT_Project\pom.xml.
2018-02-19 22:33:57,145 [Worker-46] WARN  o.e.m.c.i.embedder.EclipseLogger - Using platform encoding (Cp1252 actually) to copy filtered resources, i.e. build is platform dependent!
2018-02-19 22:33:57,155 [Worker-46] INFO  o.e.m.c.i.embedder.EclipseLogger - Copying 0 resource
2018-02-19 22:33:57,155 [Worker-46] WARN  o.e.m.c.i.embedder.EclipseLogger - Using platform encoding (Cp1252 actually) to copy filtered resources, i.e. build is platform dependent!
2018-02-19 22:33:57,155 [Worker-46] INFO  o.e.m.c.i.embedder.EclipseLogger - skip non existing resourceDirectory C:\Users\Purnesh\Desktop\Project Workspace\NIIT_Project\src\test\resources
2018-02-19 22:33:57,155 [Worker-46] INFO  o.e.m.w.i.f.ResourceFilteringBuildParticipant - Changed resources require a complete clean of filtered resources of NIIT_Project
2018-02-19 22:33:57,155 [Worker-46] INFO  o.e.m.w.i.f.ResourceFilteringBuildParticipant - Executing resource filtering for NIIT_Project
2018-02-19 22:33:57,165 [Worker-46] WARN  o.e.m.c.i.embedder.EclipseLogger - Using platform encoding (Cp1252 actually) to copy filtered resources, i.e. build is platform dependent!
2018-02-19 22:33:58,607 [Worker-54] WARN  o.e.m.c.i.embedder.EclipseLogger - Using platform encoding (Cp1252 actually) to copy filtered resources, i.e. build is platform dependent!
2018-02-19 22:33:58,609 [Worker-54] INFO  o.e.m.c.i.embedder.EclipseLogger - Copying 0 resource
2018-02-19 22:33:58,611 [Worker-54] WARN  o.e.m.c.i.embedder.EclipseLogger - Using platform encoding (Cp1252 actually) to copy filtered resources, i.e. build is platform dependent!
2018-02-19 22:33:58,612 [Worker-54] INFO  o.e.m.c.i.embedder.EclipseLogger - skip non existing resourceDirectory C:\Users\Purnesh\Desktop\Project Workspace\NIIT_Project\src\test\resources
2018-02-19 22:37:22,942 [Worker-51] INFO  o.e.m.c.i.embedder.EclipseLogger - Using 'UTF-8' encoding to copy filtered resources.
2018-02-19 22:37:22,942 [Worker-51] INFO  o.e.m.c.i.embedder.EclipseLogger - skip non existing resourceDirectory C:\Users\Purnesh\Desktop\Project Workspace\backend\src\main\resources
2018-02-19 22:37:22,952 [Worker-51] INFO  o.e.m.c.i.embedder.EclipseLogger - Using 'UTF-8' encoding to copy filtered resources.
2018-02-19 22:37:22,952 [Worker-51] INFO  o.e.m.c.i.embedder.EclipseLogger - skip non existing resourceDirectory C:\Users\Purnesh\Desktop\Project Workspace\backend\src\test\resources
2018-02-19 22:37:40,761 [Worker-61] INFO  o.e.m.c.i.embedder.EclipseLogger - Using 'UTF-8' encoding to copy filtered resources.
2018-02-19 22:37:40,761 [Worker-61] INFO  o.e.m.c.i.embedder.EclipseLogger - skip non existing resourceDirectory C:\Users\Purnesh\Desktop\Project Workspace\backend\src\main\resources
2018-02-19 22:37:40,763 [Worker-61] INFO  o.e.m.c.i.embedder.EclipseLogger - Using 'UTF-8' encoding to copy filtered resources.
2018-02-19 22:37:40,763 [Worker-61] INFO  o.e.m.c.i.embedder.EclipseLogger - skip non existing resourceDirectory C:\Users\Purnesh\Desktop\Project Workspace\backend\src\test\resources
2018-02-19 22:37:53,086 [Worker-58] INFO  o.e.m.c.i.embedder.EclipseLogger - Using 'UTF-8' encoding to copy filtered resources.
2018-02-19 22:37:53,086 [Worker-58] INFO  o.e.m.c.i.embedder.EclipseLogger - skip non existing resourceDirectory C:\Users\Purnesh\Desktop\Project Workspace\backend\src\main\resources
2018-02-19 22:37:53,086 [Worker-58] INFO  o.e.m.c.i.embedder.EclipseLogger - Using 'UTF-8' encoding to copy filtered resources.
2018-02-19 22:37:53,086 [Worker-58] INFO  o.e.m.c.i.embedder.EclipseLogger - skip non existing resourceDirectory C:\Users\Purnesh\Desktop\Project Workspace\backend\src\test\resources
2018-02-19 22:38:26,745 [Worker-48] WARN  o.e.m.c.i.embedder.EclipseLogger - Using platform encoding (Cp1252 actually) to copy filtered resources, i.e. build is platform dependent!
2018-02-19 22:38:26,745 [Worker-48] INFO  o.e.m.c.i.embedder.EclipseLogger - Copying 0 resource
2018-02-19 22:38:26,745 [Worker-48] WARN  o.e.m.c.i.embedder.EclipseLogger - Using platform encoding (Cp1252 actually) to copy filtered resources, i.e. build is platform dependent!
2018-02-19 22:38:26,745 [Worker-48] INFO  o.e.m.c.i.embedder.EclipseLogger - skip non existing resourceDirectory C:\Users\Purnesh\Desktop\Project Workspace\NIIT_Project\src\test\resources
2018-02-19 22:38:48,286 [Worker-59] WARN  o.e.m.c.i.embedder.EclipseLogger - Using platform encoding (Cp1252 actually) to copy filtered resources, i.e. build is platform dependent!
2018-02-19 22:38:48,286 [Worker-59] INFO  o.e.m.c.i.embedder.EclipseLogger - Copying 0 resource
2018-02-19 22:38:48,297 [Worker-59] WARN  o.e.m.c.i.embedder.EclipseLogger - Using platform encoding (Cp1252 actually) to copy filtered resources, i.e. build is platform dependent!
2018-02-19 22:38:48,298 [Worker-59] INFO  o.e.m.c.i.embedder.EclipseLogger - skip non existing resourceDirectory C:\Users\Purnesh\Desktop\Project Workspace\NIIT_Project\src\test\resources
2018-02-19 22:38:48,322 [Worker-59] INFO  o.e.m.c.i.embedder.EclipseLogger - Using 'UTF-8' encoding to copy filtered resources.
2018-02-19 22:38:48,322 [Worker-59] INFO  o.e.m.c.i.embedder.EclipseLogger - skip non existing resourceDirectory C:\Users\Purnesh\Desktop\Project Workspace\backend\src\main\resources
2018-02-19 22:38:48,324 [Worker-59] INFO  o.e.m.c.i.embedder.EclipseLogger - Using 'UTF-8' encoding to copy filtered resources.
2018-02-19 22:38:48,324 [Worker-59] INFO  o.e.m.c.i.embedder.EclipseLogger - skip non existing resourceDirectory C:\Users\Purnesh\Desktop\Project Workspace\backend\src\test\resources
2018-02-19 22:42:09,815 [Worker-58] INFO  o.e.m.c.i.embedder.EclipseLogger - Using 'UTF-8' encoding to copy filtered resources.
2018-02-19 22:42:09,815 [Worker-58] INFO  o.e.m.c.i.embedder.EclipseLogger - skip non existing resourceDirectory C:\Users\Purnesh\Desktop\Project Workspace\backend\src\main\resources
2018-02-19 22:42:09,825 [Worker-58] INFO  o.e.m.c.i.embedder.EclipseLogger - Using 'UTF-8' encoding to copy filtered resources.
2018-02-19 22:42:09,825 [Worker-58] INFO  o.e.m.c.i.embedder.EclipseLogger - skip non existing resourceDirectory C:\Users\Purnesh\Desktop\Project Workspace\backend\src\test\resources
2018-02-19 22:42:25,863 [Worker-63] INFO  o.e.m.c.i.embedder.EclipseLogger - Using 'UTF-8' encoding to copy filtered resources.
2018-02-19 22:42:25,873 [Worker-63] INFO  o.e.m.c.i.embedder.EclipseLogger - skip non existing resourceDirectory C:\Users\Purnesh\Desktop\Project Workspace\backend\src\main\resources
2018-02-19 22:42:25,873 [Worker-63] INFO  o.e.m.c.i.embedder.EclipseLogger - Using 'UTF-8' encoding to copy filtered resources.
2018-02-19 22:42:25,873 [Worker-63] INFO  o.e.m.c.i.embedder.EclipseLogger - skip non existing resourceDirectory C:\Users\Purnesh\Desktop\Project Workspace\backend\src\test\resources
2018-02-19 22:42:49,827 [Worker-47] INFO  o.e.m.c.i.embedder.EclipseLogger - Using 'UTF-8' encoding to copy filtered resources.
2018-02-19 22:42:49,827 [Worker-47] INFO  o.e.m.c.i.embedder.EclipseLogger - skip non existing resourceDirectory C:\Users\Purnesh\Desktop\Project Workspace\backend\src\main\resources
2018-02-19 22:42:49,837 [Worker-47] INFO  o.e.m.c.i.embedder.EclipseLogger - Using 'UTF-8' encoding to copy filtered resources.
2018-02-19 22:42:49,837 [Worker-47] INFO  o.e.m.c.i.embedder.EclipseLogger - skip non existing resourceDirectory C:\Users\Purnesh\Desktop\Project Workspace\backend\src\test\resources
2018-02-19 22:43:02,917 [Worker-59] INFO  o.e.m.c.i.embedder.EclipseLogger - Using 'UTF-8' encoding to copy filtered resources.
2018-02-19 22:43:02,917 [Worker-59] INFO  o.e.m.c.i.embedder.EclipseLogger - skip non existing resourceDirectory C:\Users\Purnesh\Desktop\Project Workspace\backend\src\main\resources
2018-02-19 22:43:02,917 [Worker-59] INFO  o.e.m.c.i.embedder.EclipseLogger - Using 'UTF-8' encoding to copy filtered resources.
2018-02-19 22:43:02,917 [Worker-59] INFO  o.e.m.c.i.embedder.EclipseLogger - skip non existing resourceDirectory C:\Users\Purnesh\Desktop\Project Workspace\backend\src\test\resources
2018-02-19 22:43:29,680 [Worker-63] INFO  o.e.m.c.i.embedder.EclipseLogger - Using 'UTF-8' encoding to copy filtered resources.
2018-02-19 22:43:29,680 [Worker-63] INFO  o.e.m.c.i.embedder.EclipseLogger - skip non existing resourceDirectory C:\Users\Purnesh\Desktop\Project Workspace\backend\src\main\resources
2018-02-19 22:43:29,690 [Worker-63] INFO  o.e.m.c.i.embedder.EclipseLogger - Using 'UTF-8' encoding to copy filtered resources.
2018-02-19 22:43:29,690 [Worker-63] INFO  o.e.m.c.i.embedder.EclipseLogger - skip non existing resourceDirectory C:\Users\Purnesh\Desktop\Project Workspace\backend\src\test\resources
2018-02-19 22:44:37,284 [Worker-61] INFO  o.e.m.c.i.embedder.EclipseLogger - Using 'UTF-8' encoding to copy filtered resources.
2018-02-19 22:44:37,284 [Worker-61] INFO  o.e.m.c.i.embedder.EclipseLogger - skip non existing resourceDirectory C:\Users\Purnesh\Desktop\Project Workspace\backend\src\main\resources
2018-02-19 22:44:37,284 [Worker-61] INFO  o.e.m.c.i.embedder.EclipseLogger - Using 'UTF-8' encoding to copy filtered resources.
2018-02-19 22:44:37,284 [Worker-61] INFO  o.e.m.c.i.embedder.EclipseLogger - skip non existing resourceDirectory C:\Users\Purnesh\Desktop\Project Workspace\backend\src\test\resources
2018-02-19 22:44:57,717 [Worker-56] INFO  o.e.m.c.i.embedder.EclipseLogger - Using 'UTF-8' encoding to copy filtered resources.
2018-02-19 22:44:57,718 [Worker-56] INFO  o.e.m.c.i.embedder.EclipseLogger - skip non existing resourceDirectory C:\Users\Purnesh\Desktop\Project Workspace\backend\src\main\resources
2018-02-19 22:44:57,719 [Worker-56] INFO  o.e.m.c.i.embedder.EclipseLogger - Using 'UTF-8' encoding to copy filtered resources.
2018-02-19 22:44:57,720 [Worker-56] INFO  o.e.m.c.i.embedder.EclipseLogger - skip non existing resourceDirectory C:\Users\Purnesh\Desktop\Project Workspace\backend\src\test\resources
2018-02-19 22:45:05,959 [Worker-48] INFO  o.e.m.c.i.embedder.EclipseLogger - Using 'UTF-8' encoding to copy filtered resources.
2018-02-19 22:45:05,959 [Worker-48] INFO  o.e.m.c.i.embedder.EclipseLogger - skip non existing resourceDirectory C:\Users\Purnesh\Desktop\Project Workspace\backend\src\main\resources
2018-02-19 22:45:05,959 [Worker-48] INFO  o.e.m.c.i.embedder.EclipseLogger - Using 'UTF-8' encoding to copy filtered resources.
2018-02-19 22:45:05,959 [Worker-48] INFO  o.e.m.c.i.embedder.EclipseLogger - skip non existing resourceDirectory C:\Users\Purnesh\Desktop\Project Workspace\backend\src\test\resources
2018-02-19 22:46:20,659 [Worker-64] INFO  o.e.m.c.i.embedder.EclipseLogger - Using 'UTF-8' encoding to copy filtered resources.
2018-02-19 22:46:20,659 [Worker-64] INFO  o.e.m.c.i.embedder.EclipseLogger - skip non existing resourceDirectory C:\Users\Purnesh\Desktop\Project Workspace\backend\src\main\resources
2018-02-19 22:46:20,659 [Worker-64] INFO  o.e.m.c.i.embedder.EclipseLogger - Using 'UTF-8' encoding to copy filtered resources.
2018-02-19 22:46:20,659 [Worker-64] INFO  o.e.m.c.i.embedder.EclipseLogger - skip non existing resourceDirectory C:\Users\Purnesh\Desktop\Project Workspace\backend\src\test\resources
2018-02-19 22:46:40,589 [Worker-61] INFO  o.e.m.c.i.embedder.EclipseLogger - Using 'UTF-8' encoding to copy filtered resources.
2018-02-19 22:46:40,589 [Worker-61] INFO  o.e.m.c.i.embedder.EclipseLogger - skip non existing resourceDirectory C:\Users\Purnesh\Desktop\Project Workspace\backend\src\main\resources
2018-02-19 22:46:40,599 [Worker-61] INFO  o.e.m.c.i.embedder.EclipseLogger - Using 'UTF-8' encoding to copy filtered resources.
2018-02-19 22:46:40,599 [Worker-61] INFO  o.e.m.c.i.embedder.EclipseLogger - skip non existing resourceDirectory C:\Users\Purnesh\Desktop\Project Workspace\backend\src\test\resources
2018-02-19 22:47:19,342 [Worker-58] INFO  o.e.m.c.i.embedder.EclipseLogger - Using 'UTF-8' encoding to copy filtered resources.
2018-02-19 22:47:19,352 [Worker-58] INFO  o.e.m.c.i.embedder.EclipseLogger - skip non existing resourceDirectory C:\Users\Purnesh\Desktop\Project Workspace\backend\src\main\resources
2018-02-19 22:47:19,352 [Worker-58] INFO  o.e.m.c.i.embedder.EclipseLogger - Using 'UTF-8' encoding to copy filtered resources.
2018-02-19 22:47:19,352 [Worker-58] INFO  o.e.m.c.i.embedder.EclipseLogger - skip non existing resourceDirectory C:\Users\Purnesh\Desktop\Project Workspace\backend\src\test\resources
2018-02-19 22:48:12,234 [Worker-64] INFO  o.e.m.c.i.embedder.EclipseLogger - Using 'UTF-8' encoding to copy filtered resources.
2018-02-19 22:48:12,234 [Worker-64] INFO  o.e.m.c.i.embedder.EclipseLogger - skip non existing resourceDirectory C:\Users\Purnesh\Desktop\Project Workspace\backend\src\main\resources
2018-02-19 22:48:12,244 [Worker-64] INFO  o.e.m.c.i.embedder.EclipseLogger - Using 'UTF-8' encoding to copy filtered resources.
2018-02-19 22:48:12,245 [Worker-64] INFO  o.e.m.c.i.embedder.EclipseLogger - skip non existing resourceDirectory C:\Users\Purnesh\Desktop\Project Workspace\backend\src\test\resources
2018-02-19 22:48:30,480 [Worker-62] WARN  o.e.m.c.i.embedder.EclipseLogger - Using platform encoding (Cp1252 actually) to copy filtered resources, i.e. build is platform dependent!
2018-02-19 22:48:30,480 [Worker-62] INFO  o.e.m.c.i.embedder.EclipseLogger - Copying 0 resource
2018-02-19 22:48:30,480 [Worker-62] WARN  o.e.m.c.i.embedder.EclipseLogger - Using platform encoding (Cp1252 actually) to copy filtered resources, i.e. build is platform dependent!
2018-02-19 22:48:30,480 [Worker-62] INFO  o.e.m.c.i.embedder.EclipseLogger - skip non existing resourceDirectory C:\Users\Purnesh\Desktop\Project Workspace\NIIT_Project\src\test\resources
2018-02-19 22:49:34,533 [Worker-51] INFO  o.e.m.c.i.embedder.EclipseLogger - Using 'UTF-8' encoding to copy filtered resources.
2018-02-19 22:49:34,533 [Worker-51] INFO  o.e.m.c.i.embedder.EclipseLogger - skip non existing resourceDirectory C:\Users\Purnesh\Desktop\Project Workspace\backend\src\main\resources
2018-02-19 22:49:34,533 [Worker-51] INFO  o.e.m.c.i.embedder.EclipseLogger - Using 'UTF-8' encoding to copy filtered resources.
2018-02-19 22:49:34,533 [Worker-51] INFO  o.e.m.c.i.embedder.EclipseLogger - skip non existing resourceDirectory C:\Users\Purnesh\Desktop\Project Workspace\backend\src\test\resources
2018-02-19 22:50:44,245 [Worker-62] INFO  o.e.m.c.i.embedder.EclipseLogger - Using 'UTF-8' encoding to copy filtered resources.
2018-02-19 22:50:44,245 [Worker-62] INFO  o.e.m.c.i.embedder.EclipseLogger - skip non existing resourceDirectory C:\Users\Purnesh\Desktop\Project Workspace\backend\src\main\resources
2018-02-19 22:50:44,255 [Worker-62] INFO  o.e.m.c.i.embedder.EclipseLogger - Using 'UTF-8' encoding to copy filtered resources.
2018-02-19 22:50:44,255 [Worker-62] INFO  o.e.m.c.i.embedder.EclipseLogger - skip non existing resourceDirectory C:\Users\Purnesh\Desktop\Project Workspace\backend\src\test\resources
2018-02-19 22:51:49,879 [Worker-61] INFO  o.e.m.c.i.embedder.EclipseLogger - Using 'UTF-8' encoding to copy filtered resources.
2018-02-19 22:51:49,879 [Worker-61] INFO  o.e.m.c.i.embedder.EclipseLogger - skip non existing resourceDirectory C:\Users\Purnesh\Desktop\Project Workspace\backend\src\main\resources
2018-02-19 22:51:49,879 [Worker-61] INFO  o.e.m.c.i.embedder.EclipseLogger - Using 'UTF-8' encoding to copy filtered resources.
2018-02-19 22:51:49,889 [Worker-61] INFO  o.e.m.c.i.embedder.EclipseLogger - skip non existing resourceDirectory C:\Users\Purnesh\Desktop\Project Workspace\backend\src\test\resources
2018-02-19 22:52:31,663 [Worker-61] INFO  o.e.m.c.i.embedder.EclipseLogger - Using 'UTF-8' encoding to copy filtered resources.
2018-02-19 22:52:31,664 [Worker-61] INFO  o.e.m.c.i.embedder.EclipseLogger - skip non existing resourceDirectory C:\Users\Purnesh\Desktop\Project Workspace\backend\src\main\resources
2018-02-19 22:52:31,671 [Worker-61] INFO  o.e.m.c.i.embedder.EclipseLogger - Using 'UTF-8' encoding to copy filtered resources.
2018-02-19 22:52:31,672 [Worker-61] INFO  o.e.m.c.i.embedder.EclipseLogger - skip non existing resourceDirectory C:\Users\Purnesh\Desktop\Project Workspace\backend\src\test\resources
2018-02-19 22:53:20,914 [Worker-64] WARN  o.e.m.c.i.embedder.EclipseLogger - Using platform encoding (Cp1252 actually) to copy filtered resources, i.e. build is platform dependent!
2018-02-19 22:53:20,914 [Worker-64] INFO  o.e.m.c.i.embedder.EclipseLogger - Copying 0 resource
2018-02-19 22:53:20,924 [Worker-64] WARN  o.e.m.c.i.embedder.EclipseLogger - Using platform encoding (Cp1252 actually) to copy filtered resources, i.e. build is platform dependent!
2018-02-19 22:53:20,934 [Worker-64] INFO  o.e.m.c.i.embedder.EclipseLogger - skip non existing resourceDirectory C:\Users\Purnesh\Desktop\Project Workspace\NIIT_Project\src\test\resources
2018-02-19 22:55:43,714 [Worker-64] WARN  o.e.m.c.i.embedder.EclipseLogger - Using platform encoding (Cp1252 actually) to copy filtered resources, i.e. build is platform dependent!
2018-02-19 22:55:43,714 [Worker-64] INFO  o.e.m.c.i.embedder.EclipseLogger - Copying 0 resource
2018-02-19 22:55:43,714 [Worker-64] WARN  o.e.m.c.i.embedder.EclipseLogger - Using platform encoding (Cp1252 actually) to copy filtered resources, i.e. build is platform dependent!
2018-02-19 22:55:43,714 [Worker-64] INFO  o.e.m.c.i.embedder.EclipseLogger - skip non existing resourceDirectory C:\Users\Purnesh\Desktop\Project Workspace\NIIT_Project\src\test\resources
2018-02-19 22:56:26,357 [Worker-57] INFO  o.e.m.c.i.embedder.EclipseLogger - Using 'UTF-8' encoding to copy filtered resources.
2018-02-19 22:56:26,357 [Worker-57] INFO  o.e.m.c.i.embedder.EclipseLogger - skip non existing resourceDirectory C:\Users\Purnesh\Desktop\Project Workspace\backend\src\main\resources
2018-02-19 22:56:26,357 [Worker-57] INFO  o.e.m.c.i.embedder.EclipseLogger - Using 'UTF-8' encoding to copy filtered resources.
2018-02-19 22:56:26,357 [Worker-57] INFO  o.e.m.c.i.embedder.EclipseLogger - skip non existing resourceDirectory C:\Users\Purnesh\Desktop\Project Workspace\backend\src\test\resources
2018-02-19 22:57:16,715 [Worker-59] INFO  o.e.m.c.i.embedder.EclipseLogger - Using 'UTF-8' encoding to copy filtered resources.
2018-02-19 22:57:16,715 [Worker-59] INFO  o.e.m.c.i.embedder.EclipseLogger - skip non existing resourceDirectory C:\Users\Purnesh\Desktop\Project Workspace\backend\src\main\resources
2018-02-19 22:57:16,715 [Worker-59] INFO  o.e.m.c.i.embedder.EclipseLogger - Using 'UTF-8' encoding to copy filtered resources.
2018-02-19 22:57:16,715 [Worker-59] INFO  o.e.m.c.i.embedder.EclipseLogger - skip non existing resourceDirectory C:\Users\Purnesh\Desktop\Project Workspace\backend\src\test\resources
2018-02-19 22:57:35,973 [Worker-56] INFO  o.e.m.c.i.embedder.EclipseLogger - Using 'UTF-8' encoding to copy filtered resources.
2018-02-19 22:57:35,973 [Worker-56] INFO  o.e.m.c.i.embedder.EclipseLogger - skip non existing resourceDirectory C:\Users\Purnesh\Desktop\Project Workspace\backend\src\main\resources
2018-02-19 22:57:35,973 [Worker-56] INFO  o.e.m.c.i.embedder.EclipseLogger - Using 'UTF-8' encoding to copy filtered resources.
2018-02-19 22:57:35,973 [Worker-56] INFO  o.e.m.c.i.embedder.EclipseLogger - skip non existing resourceDirectory C:\Users\Purnesh\Desktop\Project Workspace\backend\src\test\resources
2018-02-19 22:58:35,669 [Worker-58] INFO  o.e.m.c.i.embedder.EclipseLogger - Using 'UTF-8' encoding to copy filtered resources.
2018-02-19 22:58:35,669 [Worker-58] INFO  o.e.m.c.i.embedder.EclipseLogger - skip non existing resourceDirectory C:\Users\Purnesh\Desktop\Project Workspace\backend\src\main\resources
2018-02-19 22:58:35,670 [Worker-58] INFO  o.e.m.c.i.embedder.EclipseLogger - Using 'UTF-8' encoding to copy filtered resources.
2018-02-19 22:58:35,671 [Worker-58] INFO  o.e.m.c.i.embedder.EclipseLogger - skip non existing resourceDirectory C:\Users\Purnesh\Desktop\Project Workspace\backend\src\test\resources
2018-02-19 22:59:55,639 [main] INFO  o.e.m2e.actions.ExecutePomAction - Creating new launch configuration
2018-02-19 23:00:12,394 [Worker-51] INFO  o.e.m.i.launch.MavenLaunchDelegate - C:\Users\Purnesh\Desktop\Project Workspace\NIIT_Project
2018-02-19 23:00:12,404 [Worker-51] INFO  o.e.m.i.launch.MavenLaunchDelegate -  mvn -B clean package install
2018-02-19 23:04:30,883 [Worker-59] INFO  o.e.m.c.i.l.LifecycleMappingFactory - Using org.maven.ide.eclipse.wtp.WarLifecycleMapping lifecycle mapping for MavenProject: com:NIIT_Project:0.0.1-SNAPSHOT @ C:\Users\Purnesh\Desktop\Project Workspace\NIIT_Project\pom.xml.
2018-02-19 23:04:32,250 [Worker-59] WARN  o.e.m.c.i.embedder.EclipseLogger - Using platform encoding (Cp1252 actually) to copy filtered resources, i.e. build is platform dependent!
2018-02-19 23:04:32,250 [Worker-59] INFO  o.e.m.c.i.embedder.EclipseLogger - Copying 0 resource
2018-02-19 23:04:32,250 [Worker-59] WARN  o.e.m.c.i.embedder.EclipseLogger - Using platform encoding (Cp1252 actually) to copy filtered resources, i.e. build is platform dependent!
2018-02-19 23:04:32,250 [Worker-59] INFO  o.e.m.c.i.embedder.EclipseLogger - skip non existing resourceDirectory C:\Users\Purnesh\Desktop\Project Workspace\NIIT_Project\src\test\resources
2018-02-19 23:04:32,250 [Worker-59] INFO  o.e.m.w.i.f.ResourceFilteringBuildParticipant - Changed resources require a complete clean of filtered resources of NIIT_Project
2018-02-19 23:04:32,250 [Worker-59] INFO  o.e.m.w.i.f.ResourceFilteringBuildParticipant - Executing resource filtering for NIIT_Project
2018-02-19 23:04:32,260 [Worker-59] WARN  o.e.m.c.i.embedder.EclipseLogger - Using platform encoding (Cp1252 actually) to copy filtered resources, i.e. build is platform dependent!
2018-02-19 23:04:41,545 [main] INFO  o.e.m2e.actions.ExecutePomAction - Creating new launch configuration
2018-02-19 23:04:52,013 [Worker-66] INFO  o.e.m.i.launch.MavenLaunchDelegate - C:\Users\Purnesh\Desktop\Project Workspace\NIIT_Project
2018-02-19 23:04:52,013 [Worker-66] INFO  o.e.m.i.launch.MavenLaunchDelegate -  mvn -B clean install package
2018-02-19 23:05:13,386 [main] INFO  o.e.m2e.actions.ExecutePomAction - Creating new launch configuration
2018-02-19 23:05:26,594 [Worker-56] INFO  o.e.m.i.launch.MavenLaunchDelegate - C:\Users\Purnesh\Desktop\Project Workspace\backend
2018-02-19 23:05:26,594 [Worker-56] INFO  o.e.m.i.launch.MavenLaunchDelegate -  mvn -B clean install package
2018-02-19 23:07:54,600 [Worker-61] INFO  o.e.m.c.i.embedder.EclipseLogger - Using 'UTF-8' encoding to copy filtered resources.
2018-02-19 23:07:54,600 [Worker-61] INFO  o.e.m.c.i.embedder.EclipseLogger - skip non existing resourceDirectory C:\Users\Purnesh\Desktop\Project Workspace\backend\src\main\resources
2018-02-19 23:07:54,610 [Worker-61] INFO  o.e.m.c.i.embedder.EclipseLogger - Using 'UTF-8' encoding to copy filtered resources.
2018-02-19 23:07:54,610 [Worker-61] INFO  o.e.m.c.i.embedder.EclipseLogger - skip non existing resourceDirectory C:\Users\Purnesh\Desktop\Project Workspace\backend\src\test\resources
2018-02-19 23:07:55,311 [Worker-61] WARN  o.e.m.c.i.embedder.EclipseLogger - Using platform encoding (Cp1252 actually) to copy filtered resources, i.e. build is platform dependent!
2018-02-19 23:07:55,316 [Worker-61] INFO  o.e.m.c.i.embedder.EclipseLogger - Copying 0 resource
2018-02-19 23:07:55,318 [Worker-61] WARN  o.e.m.c.i.embedder.EclipseLogger - Using platform encoding (Cp1252 actually) to copy filtered resources, i.e. build is platform dependent!
2018-02-19 23:07:55,319 [Worker-61] INFO  o.e.m.c.i.embedder.EclipseLogger - skip non existing resourceDirectory C:\Users\Purnesh\Desktop\Project Workspace\NIIT_Project\src\test\resources
2018-02-19 23:08:03,048 [Worker-65] INFO  o.e.m.c.i.embedder.EclipseLogger - Using 'UTF-8' encoding to copy filtered resources.
2018-02-19 23:08:03,048 [Worker-65] INFO  o.e.m.c.i.embedder.EclipseLogger - skip non existing resourceDirectory C:\Users\Purnesh\Desktop\Project Workspace\backend\src\main\resources
2018-02-19 23:08:03,048 [Worker-65] INFO  o.e.m.c.i.embedder.EclipseLogger - Using 'UTF-8' encoding to copy filtered resources.
2018-02-19 23:08:03,058 [Worker-65] INFO  o.e.m.c.i.embedder.EclipseLogger - skip non existing resourceDirectory C:\Users\Purnesh\Desktop\Project Workspace\backend\src\test\resources
2018-02-19 23:08:20,720 [Worker-71] INFO  o.e.m.c.i.embedder.EclipseLogger - Using 'UTF-8' encoding to copy filtered resources.
2018-02-19 23:08:20,720 [Worker-71] INFO  o.e.m.c.i.embedder.EclipseLogger - skip non existing resourceDirectory C:\Users\Purnesh\Desktop\Project Workspace\backend\src\main\resources
2018-02-19 23:08:20,721 [Worker-71] INFO  o.e.m.c.i.embedder.EclipseLogger - Using 'UTF-8' encoding to copy filtered resources.
2018-02-19 23:08:20,721 [Worker-71] INFO  o.e.m.c.i.embedder.EclipseLogger - skip non existing resourceDirectory C:\Users\Purnesh\Desktop\Project Workspace\backend\src\test\resources
2018-02-19 23:08:36,477 [main] INFO  o.e.m2e.actions.ExecutePomAction - Creating new launch configuration
2018-02-19 23:08:44,967 [Worker-73] INFO  o.e.m.i.launch.MavenLaunchDelegate - C:\Users\Purnesh\Desktop\Project Workspace\backend
2018-02-19 23:08:44,967 [Worker-73] INFO  o.e.m.i.launch.MavenLaunchDelegate -  mvn -B clean install package
2018-02-19 23:09:01,600 [main] INFO  o.e.m2e.actions.ExecutePomAction - Creating new launch configuration
2018-02-19 23:09:10,469 [Worker-61] INFO  o.e.m.i.launch.MavenLaunchDelegate - C:\Users\Purnesh\Desktop\Project Workspace\NIIT_Project
2018-02-19 23:09:10,469 [Worker-61] INFO  o.e.m.i.launch.MavenLaunchDelegate -  mvn -B clean install package
2018-02-19 23:10:01,710 [Worker-75] INFO  o.e.m.c.i.p.ProjectConfigurationManager - Update started
2018-02-19 23:10:01,783 [Worker-75] INFO  o.e.m.c.i.l.LifecycleMappingFactory - Using org.maven.ide.eclipse.wtp.WarLifecycleMapping lifecycle mapping for MavenProject: com:NIIT_Project:0.0.1-SNAPSHOT @ C:\Users\Purnesh\Desktop\Project Workspace\NIIT_Project\pom.xml.
2018-02-19 23:10:03,345 [Worker-75] INFO  o.e.m.j.i.AbstractJavaProjectConfigurator - Adding source folder /NIIT_Project/src/main/java
2018-02-19 23:10:03,348 [Worker-75] INFO  o.e.m.j.i.AbstractJavaProjectConfigurator - Adding resource folder /NIIT_Project/src/main/resources
2018-02-19 23:10:03,349 [Worker-75] INFO  o.e.m.j.i.AbstractJavaProjectConfigurator - Adding source folder /NIIT_Project/src/test/java
2018-02-19 23:10:05,651 [Worker-75] INFO  o.e.m.w.i.f.ResourceFilteringBuildParticipant - Cleaning filtered folder for NIIT_Project
2018-02-19 23:10:05,661 [Worker-75] INFO  o.e.m.c.i.p.ProjectConfigurationManager - Update completed: 3 sec
2018-02-19 23:10:06,013 [Worker-75] WARN  o.e.m.c.i.embedder.EclipseLogger - Using platform encoding (Cp1252 actually) to copy filtered resources, i.e. build is platform dependent!
2018-02-19 23:10:06,013 [Worker-75] INFO  o.e.m.c.i.embedder.EclipseLogger - Copying 0 resource
2018-02-19 23:10:06,013 [Worker-75] WARN  o.e.m.c.i.embedder.EclipseLogger - Using platform encoding (Cp1252 actually) to copy filtered resources, i.e. build is platform dependent!
2018-02-19 23:10:06,013 [Worker-75] INFO  o.e.m.c.i.embedder.EclipseLogger - skip non existing resourceDirectory C:\Users\Purnesh\Desktop\Project Workspace\NIIT_Project\src\test\resources
2018-02-19 23:10:06,013 [Worker-75] INFO  o.e.m.w.i.f.ResourceFilteringBuildParticipant - Changed resources require a complete clean of filtered resources of NIIT_Project
2018-02-19 23:10:06,013 [Worker-75] INFO  o.e.m.w.i.f.ResourceFilteringBuildParticipant - Executing resource filtering for NIIT_Project
2018-02-19 23:10:06,023 [Worker-75] WARN  o.e.m.c.i.embedder.EclipseLogger - Using platform encoding (Cp1252 actually) to copy filtered resources, i.e. build is platform dependent!
2018-02-19 23:13:53,671 [Worker-3] INFO  c.g.t.t.d.PublishedGradleVersions - Gradle version information cache is up-to-date. Trying to read.
2018-02-19 23:14:11,666 [Worker-12] WARN  o.e.m.c.i.embedder.EclipseLogger - Using platform encoding (Cp1252 actually) to copy filtered resources, i.e. build is platform dependent!
2018-02-19 23:14:11,694 [Worker-12] INFO  o.e.m.c.i.embedder.EclipseLogger - Copying 0 resource
2018-02-19 23:14:11,727 [Worker-12] WARN  o.e.m.c.i.embedder.EclipseLogger - Using platform encoding (Cp1252 actually) to copy filtered resources, i.e. build is platform dependent!
2018-02-19 23:14:11,728 [Worker-12] INFO  o.e.m.c.i.embedder.EclipseLogger - skip non existing resourceDirectory C:\Users\Purnesh\Desktop\Project Workspace\NIIT_Project\src\test\resources
